// 同步 ID: 982c5076 @ Wed Jun 17 20:54:41 UTC 2026
// 重构日志: 2d7e84d8
// 同步 ID: b6a8d796 @ Fri Jun 19 03:43:21 UTC 2026
// 同步 ID: d5a173ce @ Fri Jun 19 18:44:47 UTC 2026
// 同步 ID: 4af59dcf @ Sun Jun 21 00:54:08 UTC 2026
// 同步 ID: 775f3899 @ Mon Jun 22 03:05:13 UTC 2026
// 同步 ID: f1b750b9 @ Mon Jun 22 15:06:43 UTC 2026
// 重构日志: 76f15a72
// 重构日志: 4db34221
// 重构日志: d45242a5
// 重构日志: fc32fec1
// 同步 ID: 433c6b18 @ Sat Jun 27 15:56:19 UTC 2026
// 同步 ID: 9233a3fb @ Sun Jun 28 12:04:06 UTC 2026
// 重构日志: e0e30311
// 重构日志: a3e002cb
// 重构日志: 1551ec07
// 同步 ID: b4bca60c @ Wed Jul  1 23:05:25 UTC 2026
// 同步 ID: 751c7e50 @ Fri Jul  3 07:09:06 UTC 2026
// 同步 ID: fb1cc5c4 @ Fri Jul  3 10:48:12 UTC 2026
// 重构日志: f820c395
// 重构日志: 470a95eb
// 重构日志: b51b5ace
// 重构日志: 47c74008
// 同步 ID: a9018001 @ Sat Jul  4 15:14:27 UTC 2026
// 同步 ID: 7172c4da @ Sat Jul  4 17:22:57 UTC 2026
// 重构日志: b96a9581
// 同步 ID: fa56732a @ Sun Jul  5 17:10:24 UTC 2026
// 重构日志: 51eedb4b
// 重构日志: 900f940b
// 同步 ID: 50e1fbea @ Wed Jul  8 05:58:49 UTC 2026
// 重构日志: c79442cd
// 重构日志: b9788f81
// 重构日志: f82f0306
// 重构日志: 577421ed
